2020-01-06 09:12:05.178  INFO 896 --- [main] c.example.practice.PracticeApplication   : Starting PracticeApplication on LAPTOP-H5EVH50C with PID 896 (D:\practice\practice\target\classes started by Aneesh Babu in D:\practice\practice)
2020-01-06 09:12:05.195  INFO 896 --- [main] c.example.practice.PracticeApplication   : No active profile set, falling back to default profiles: default
2020-01-06 09:12:07.934  INFO 896 --- [main] .s.d.r.c.RepositoryConfigurationDelegate : Multiple Spring Data modules found, entering strict repository configuration mode!
2020-01-06 09:12:07.937  INFO 896 --- [main] .s.d.r.c.RepositoryConfigurationDelegate : Bootstrapping Spring Data repositories in DEFAULT mode.
2020-01-06 09:12:07.993  INFO 896 --- [main] .s.d.r.c.RepositoryConfigurationDelegate : Finished Spring Data repository scanning in 43ms. Found 0 repository interfaces.
2020-01-06 09:12:08.015  INFO 896 --- [main] .s.d.r.c.RepositoryConfigurationDelegate : Multiple Spring Data modules found, entering strict repository configuration mode!
2020-01-06 09:12:08.018  INFO 896 --- [main] .s.d.r.c.RepositoryConfigurationDelegate : Bootstrapping Spring Data repositories in DEFAULT mode.
2020-01-06 09:12:08.034  INFO 896 --- [main] .s.d.r.c.RepositoryConfigurationDelegate : Finished Spring Data repository scanning in 6ms. Found 0 repository interfaces.
2020-01-06 09:12:09.220  INFO 896 --- [main] trationDelegate$BeanPostProcessorChecker : Bean 'org.springframework.transaction.annotation.ProxyTransactionManagementConfiguration' of type [org.springframework.transaction.annotation.ProxyTransactionManagementConfiguration$$EnhancerBySpringCGLIB$$97adbcac] is not eligible for getting processed by all BeanPostProcessors (for example: not eligible for auto-proxying)
2020-01-06 09:12:10.801  INFO 896 --- [main] o.s.b.w.embedded.tomcat.TomcatWebServer  : Tomcat initialized with port(s): 8084 (http)
2020-01-06 09:12:10.868  INFO 896 --- [main] o.apache.catalina.core.StandardService   : Starting service [Tomcat]
2020-01-06 09:12:10.869  INFO 896 --- [main] org.apache.catalina.core.StandardEngine  : Starting Servlet engine: [Apache Tomcat/9.0.14]
2020-01-06 09:12:10.893  INFO 896 --- [main] o.a.catalina.core.AprLifecycleListener   : The APR based Apache Tomcat Native library which allows optimal performance in production environments was not found on the java.library.path: [C:\Program Files\Java\jre1.8.0_221\bin;C:\WINDOWS\Sun\Java\bin;C:\WINDOWS\system32;C:\WINDOWS;C:/Program Files/Java/jre1.8.0_221/bin/server;C:/Program Files/Java/jre1.8.0_221/bin;C:/Program Files/Java/jre1.8.0_221/lib/amd64;C:\oraclexe\app\oracle\product\11.2.0\server\bin;C:\Program Files (x86)\Common Files\Oracle\Java\javapath;C:\WINDOWS\system32;C:\WINDOWS;C:\WINDOWS\System32\Wbem;C:\WINDOWS\System32\WindowsPowerShell\v1.0\;C:\WINDOWS\System32\OpenSSH\;C:\Program Files\nodejs\;C:\Program Files\Git\cmd;E:\python\Scripts\;E:\python\;C:\Users\Aneesh Babu\AppData\Local\Microsoft\WindowsApps;C:\Users\Aneesh Babu\AppData\Roaming\npm;E:\vscode\Microsoft VS Code\bin;;E:\eclipse\eclipse;;.]
2020-01-06 09:12:11.178  INFO 896 --- [main] o.a.c.c.C.[Tomcat].[localhost].[/]       : Initializing Spring embedded WebApplicationContext
2020-01-06 09:12:11.179  INFO 896 --- [main] o.s.web.context.ContextLoader            : Root WebApplicationContext: initialization completed in 5825 ms
2020-01-06 09:12:12.254  INFO 896 --- [main] com.zaxxer.hikari.HikariDataSource       : HikariPool-1 - Starting...
2020-01-06 09:12:15.026  INFO 896 --- [main] com.zaxxer.hikari.pool.PoolBase          : HikariPool-1 - Driver does not support get/set network timeout for connections. (oracle.jdbc.driver.T4CConnection.getNetworkTimeout()I)
2020-01-06 09:12:15.035  INFO 896 --- [main] com.zaxxer.hikari.HikariDataSource       : HikariPool-1 - Start completed.
2020-01-06 09:12:15.376  INFO 896 --- [main] o.hibernate.jpa.internal.util.LogHelper  : HHH000204: Processing PersistenceUnitInfo [
	name: default
	...]
2020-01-06 09:12:15.693  INFO 896 --- [main] org.hibernate.Version                    : HHH000412: Hibernate Core {5.3.7.Final}
2020-01-06 09:12:15.696  INFO 896 --- [main] org.hibernate.cfg.Environment            : HHH000206: hibernate.properties not found
2020-01-06 09:12:16.240  INFO 896 --- [main] o.hibernate.annotations.common.Version   : HCANN000001: Hibernate Commons Annotations {5.0.4.Final}
2020-01-06 09:12:16.812  INFO 896 --- [main] org.hibernate.dialect.Dialect            : HHH000400: Using dialect: org.hibernate.dialect.Oracle12cDialect
2020-01-06 09:12:17.436  INFO 896 --- [main] org.hibernate.type.BasicTypeRegistry     : HHH000270: Type registration [byte[]] overrides previous : org.hibernate.type.BinaryType@6cd64b3f
2020-01-06 09:12:17.436  INFO 896 --- [main] org.hibernate.type.BasicTypeRegistry     : HHH000270: Type registration [[B] overrides previous : org.hibernate.type.BinaryType@6cd64b3f
2020-01-06 09:12:17.437  INFO 896 --- [main] org.hibernate.type.BasicTypeRegistry     : HHH000270: Type registration [Byte[]] overrides previous : org.hibernate.type.WrapperBinaryType@3337d04c
2020-01-06 09:12:17.438  INFO 896 --- [main] org.hibernate.type.BasicTypeRegistry     : HHH000270: Type registration [[Ljava.lang.Byte;] overrides previous : org.hibernate.type.WrapperBinaryType@3337d04c
2020-01-06 09:12:18.994  INFO 896 --- [main] j.LocalContainerEntityManagerFactoryBean : Initialized JPA EntityManagerFactory for persistence unit 'default'
2020-01-06 09:12:19.827  INFO 896 --- [main] o.s.s.concurrent.ThreadPoolTaskExecutor  : Initializing ExecutorService 'applicationTaskExecutor'
2020-01-06 09:12:20.006  WARN 896 --- [main] aWebConfiguration$JpaWebMvcConfiguration : spring.jpa.open-in-view is enabled by default. Therefore, database queries may be performed during view rendering. Explicitly configure spring.jpa.open-in-view to disable this warning
2020-01-06 09:12:20.833  INFO 896 --- [main] .s.s.UserDetailsServiceAutoConfiguration : 

Using generated security password: 0abbd5ec-6dac-4658-950b-81c9c708744d

2020-01-06 09:12:21.129  INFO 896 --- [main] o.s.s.web.DefaultSecurityFilterChain     : Creating filter chain: any request, [org.springframework.security.web.context.request.async.WebAsyncManagerIntegrationFilter@1cee2e10, org.springframework.security.web.context.SecurityContextPersistenceFilter@1600a8a2, org.springframework.security.web.header.HeaderWriterFilter@72b2c5ed, org.springframework.security.web.csrf.CsrfFilter@6b832551, org.springframework.security.web.authentication.logout.LogoutFilter@4607d78b, org.springframework.security.web.authentication.UsernamePasswordAuthenticationFilter@421ead7e, org.springframework.security.web.authentication.ui.DefaultLoginPageGeneratingFilter@401317a0, org.springframework.security.web.authentication.ui.DefaultLogoutPageGeneratingFilter@7f4e5a39, org.springframework.security.web.authentication.www.BasicAuthenticationFilter@4df7d9ee, org.springframework.security.web.savedrequest.RequestCacheAwareFilter@56b1e527, org.springframework.security.web.servletapi.SecurityContextHolderAwareRequestFilter@b5d9f1e, org.springframework.security.web.authentication.AnonymousAuthenticationFilter@33de7f3d, org.springframework.security.web.session.SessionManagementFilter@6c9a3661, org.springframework.security.web.access.ExceptionTranslationFilter@7b5ac347, org.springframework.security.web.access.intercept.FilterSecurityInterceptor@100bba26]
2020-01-06 09:12:21.382  INFO 896 --- [main] o.s.b.w.embedded.tomcat.TomcatWebServer  : Tomcat started on port(s): 8084 (http) with context path ''
2020-01-06 09:12:21.391  INFO 896 --- [main] c.example.practice.PracticeApplication   : Started PracticeApplication in 17.286 seconds (JVM running for 18.969)
2020-01-06 09:12:21.703  INFO 896 --- [main] o.h.h.i.QueryTranslatorFactoryInitiator  : HHH000397: Using ASTQueryTranslatorFactory
